<?xml version="1.0" encoding="UTF-8"?>
<!-- Generated by org.testng.reporters.JUnitXMLReporter -->
<testsuite ignored="0" hostname="LAPTOP-688SGPSJ" failures="0" tests="3" name="Test" time="5.382" errors="0" timestamp="2024-12-20T11:43:00 IST">
  <testcase classname="com.runnerclass.TestNG_Parameters" name="browserLaunch" time="4.073"/>
  <testcase classname="com.runnerclass.TestNG_Parameters" name="getUrl" time="0.887"/>
  <testcase classname="com.runnerclass.TestNG_Parameters" name="login" time="0.375"/>
</testsuite> <!-- Test -->
